<?xml version="1.0" encoding="UTF-8"?>
<!-- Generated by org.testng.reporters.JUnitReportReporter -->
<testsuite hostname="Akshay-laptop" name="org.testing.TestScripts.TC7" tests="1" failures="0" timestamp="19 Sep 2022 07:04:53 GMT" time="0.000" errors="1">
  <testcase name="WebElementLocating" time="0.000" classname="org.testing.TestScripts.TC7">
    <error type="java.lang.IllegalArgumentException" message="String input must not be null">
      <![CDATA[java.lang.IllegalArgumentException: String input must not be null
	at org.jsoup.helper.Validate.notNull(Validate.java:26)
	at org.jsoup.parser.TreeBuilder.initialiseParse(TreeBuilder.java:26)
	at org.jsoup.parser.TreeBuilder.parse(TreeBuilder.java:42)
	at org.jsoup.parser.HtmlTreeBuilder.parse(HtmlTreeBuilder.java:53)
	at org.jsoup.parser.Parser.parse(Parser.java:89)
	at org.jsoup.Jsoup.parse(Jsoup.java:58)
	at com.relevantcodes.extentreports.converters.TestConverter.<init>(TestConverter.java:144)
	at com.relevantcodes.extentreports.ExtentReports.<init>(ExtentReports.java:92)
	at com.relevantcodes.extentreports.ExtentReports.<init>(ExtentReports.java:375)
	at org.testing.Base.BaseClass.BrowserLaunch(BaseClass.java:25)
	at sun.reflect.NativeMethodAccessorImpl.invoke0(Native Method)
	at sun.reflect.NativeMethodAccessorImpl.invoke(Unknown Source)
	at sun.reflect.DelegatingMethodAccessorImpl.invoke(Unknown Source)
	at java.lang.reflect.Method.invoke(Unknown Source)
	at org.testng.internal.MethodInvocationHelper.invokeMethod(MethodInvocationHelper.java:85)
	at org.testng.internal.Invoker.invokeConfigurationMethod(Invoker.java:510)
	at org.testng.internal.Invoker.invokeConfigurations(Invoker.java:211)
	at org.testng.internal.Invoker.invokeMethod(Invoker.java:585)
	at org.testng.internal.Invoker.invokeTestMethod(Invoker.java:821)
	at org.testng.internal.Invoker.invokeTestMethods(Invoker.java:1131)
	at org.testng.internal.TestMethodWorker.invokeTestMethods(TestMethodWorker.java:124)
	at org.testng.internal.TestMethodWorker.run(TestMethodWorker.java:108)
	at org.testng.TestRunner.privateRun(TestRunner.java:773)
	at org.testng.TestRunner.run(TestRunner.java:623)
	at org.testng.SuiteRunner.runTest(SuiteRunner.java:357)
	at org.testng.SuiteRunner.runSequentially(SuiteRunner.java:352)
	at org.testng.SuiteRunner.privateRun(SuiteRunner.java:310)
	at org.testng.SuiteRunner.run(SuiteRunner.java:259)
	at org.testng.SuiteRunnerWorker.runSuite(SuiteRunnerWorker.java:52)
	at org.testng.SuiteRunnerWorker.run(SuiteRunnerWorker.java:86)
	at org.testng.TestNG.runSuitesSequentially(TestNG.java:1185)
	at org.testng.TestNG.runSuitesLocally(TestNG.java:1110)
	at org.testng.TestNG.run(TestNG.java:1018)
	at org.testing.trigger.Runner.main(Runner.java:69)
]]>
    </error>
  </testcase> <!-- WebElementLocating -->
</testsuite> <!-- org.testing.TestScripts.TC7 -->
